<?xml version="1.0" encoding="UTF-8"?>
<!-- Generated by org.testng.reporters.JUnitXMLReporter -->
<testsuite ignored="0" hostname="DESKTOP-DIC7RLC" failures="3" tests="4" name="Test" time="82.985" errors="0" timestamp="2021-10-28T09:35:40 IST">
  <testcase classname="Tests.Scenario_finalized_for_Automation_test.QA_click_jet_tests.NegativeTestBookFlightTest" name="NegativeTestSameDepAndArrivalLoc" time="5.377"/>
  <testcase classname="Tests.Scenario_finalized_for_Automation_test.Automationpractice_tests.RegisterToWebsiteTest" name="registration" time="22.05">
    <failure type="org.openqa.selenium.NoSuchElementException" message="Cannot locate option with value: ind
For documentation on this error, please visit: https://www.seleniumhq.org/exceptions/no_such_element.html
Build info: version: &amp;apos;3.141.59&amp;apos;, revision: &amp;apos;e82be7d358&amp;apos;, time: &amp;apos;2018-11-14T08:17:03&amp;apos;
System info: host: &amp;apos;DESKTOP-DIC7RLC&amp;apos;, ip: &amp;apos;192.168.29.188&amp;apos;, os.name: &amp;apos;Windows 10&amp;apos;, os.arch: &amp;apos;amd64&amp;apos;, os.version: &amp;apos;10.0&amp;apos;, java.version: &amp;apos;17&amp;apos;
Driver info: driver.version: unknown">
      <![CDATA[org.openqa.selenium.NoSuchElementException: Cannot locate option with value: ind
For documentation on this error, please visit: https://www.seleniumhq.org/exceptions/no_such_element.html
Build info: version: '3.141.59', revision: 'e82be7d358', time: '2018-11-14T08:17:03'
System info: host: 'DESKTOP-DIC7RLC', ip: '192.168.29.188', os.name: 'Windows 10', os.arch: 'amd64', os.version: '10.0', java.version: '17'
Driver info: driver.version: unknown
at org.openqa.selenium.support.ui.Select.findOptionsByValue(Select.java:283)
at org.openqa.selenium.support.ui.Select.selectByValue(Select.java:186)
at Pages.Scenario_finalized_for_Automation_page.Automationpractice_pages.RegisterToWebsitePage.selectCountry(RegisterToWebsitePage.java:188)
at Tests.Scenario_finalized_for_Automation_test.Automationpractice_tests.RegisterToWebsiteTest.registration(RegisterToWebsiteTest.java:36)
at java.base/java.util.ArrayList.forEach(ArrayList.java:1511)
... Removed 27 stack frames]]>
    </failure>
  </testcase> <!-- registration -->
  <testcase classname="Tests.Scenario_finalized_for_Automation_test.Automationpractice_tests.LoginWebsiteTest" name="validLogin" time="5.709">
    <failure type="java.lang.AssertionError" message="expected [true] but found [false]">
      <![CDATA[java.lang.AssertionError: expected [true] but found [false]
at Tests.Scenario_finalized_for_Automation_test.Automationpractice_tests.LoginWebsiteTest.validLogin(LoginWebsiteTest.java:25)
at java.base/java.util.ArrayList.forEach(ArrayList.java:1511)
... Removed 31 stack frames]]>
    </failure>
  </testcase> <!-- validLogin -->
  <testcase classname="Tests.Scenario_finalized_for_Automation_test.Automationpractice_tests.NegativeAddToCartScenario" name="NegativeOrderPlace" time="8.914">
    <failure type="org.openqa.selenium.ElementNotInteractableException" message="element not interactable: http://automationpractice.com/index.php?controller=cart&amp;amp;add=1&amp;amp;id_product=1&amp;amp;token=e817bb0705dd58da8db074c69f729fd8 has no size and location
  (Session info: chrome=95.0.4638.54)
Build info: version: &amp;apos;3.141.59&amp;apos;, revision: &amp;apos;e82be7d358&amp;apos;, time: &amp;apos;2018-11-14T08:17:03&amp;apos;
System info: host: &amp;apos;DESKTOP-DIC7RLC&amp;apos;, ip: &amp;apos;192.168.29.188&amp;apos;, os.name: &amp;apos;Windows 10&amp;apos;, os.arch: &amp;apos;amd64&amp;apos;, os.version: &amp;apos;10.0&amp;apos;, java.version: &amp;apos;17&amp;apos;
Driver info: org.openqa.selenium.chrome.ChromeDriver
Capabilities {acceptInsecureCerts: false, browserName: chrome, browserVersion: 95.0.4638.54, chrome: {chromedriverVersion: 94.0.4606.61 (418b78f5838ed..., userDataDir: C:\Users\SWATIP~1\AppData\L...}, goog:chromeOptions: {debuggerAddress: localhost:62562}, javascriptEnabled: true, networkConnectionEnabled: false, pageLoadStrategy: normal, platform: WINDOWS, platformName: WINDOWS, proxy: Proxy(), setWindowRect: true, strictFileInteractability: false, timeouts: {implicit: 0, pageLoad: 300000, script: 30000}, unhandledPromptBehavior: dismiss and notify, webauthn:extension:credBlob: true, webauthn:extension:largeBlob: true, webauthn:virtualAuthenticators: true}
Session ID: e4406455c2c500b92061e1673632d6e9">
      <![CDATA[org.openqa.selenium.ElementNotInteractableException: element not interactable: http://automationpractice.com/index.php?controller=cart&add=1&id_product=1&token=e817bb0705dd58da8db074c69f729fd8 has no size and location
  (Session info: chrome=95.0.4638.54)
Build info: version: '3.141.59', revision: 'e82be7d358', time: '2018-11-14T08:17:03'
System info: host: 'DESKTOP-DIC7RLC', ip: '192.168.29.188', os.name: 'Windows 10', os.arch: 'amd64', os.version: '10.0', java.version: '17'
Driver info: org.openqa.selenium.chrome.ChromeDriver
Capabilities {acceptInsecureCerts: false, browserName: chrome, browserVersion: 95.0.4638.54, chrome: {chromedriverVersion: 94.0.4606.61 (418b78f5838ed..., userDataDir: C:\Users\SWATIP~1\AppData\L...}, goog:chromeOptions: {debuggerAddress: localhost:62562}, javascriptEnabled: true, networkConnectionEnabled: false, pageLoadStrategy: normal, platform: WINDOWS, platformName: WINDOWS, proxy: Proxy(), setWindowRect: true, strictFileInteractability: false, timeouts: {implicit: 0, pageLoad: 300000, script: 30000}, unhandledPromptBehavior: dismiss and notify, webauthn:extension:credBlob: true, webauthn:extension:largeBlob: true, webauthn:virtualAuthenticators: true}
Session ID: e4406455c2c500b92061e1673632d6e9
at org.openqa.selenium.remote.http.W3CHttpResponseCodec.createException(W3CHttpResponseCodec.java:187)
at org.openqa.selenium.remote.http.W3CHttpResponseCodec.decode(W3CHttpResponseCodec.java:122)
at org.openqa.selenium.remote.http.W3CHttpResponseCodec.decode(W3CHttpResponseCodec.java:49)
at org.openqa.selenium.remote.HttpCommandExecutor.execute(HttpCommandExecutor.java:158)
at org.openqa.selenium.remote.service.DriverCommandExecutor.execute(DriverCommandExecutor.java:83)
at org.openqa.selenium.remote.RemoteWebDriver.execute(RemoteWebDriver.java:552)
at org.openqa.selenium.remote.RemoteWebDriver.perform(RemoteWebDriver.java:618)
at org.openqa.selenium.interactions.Actions$BuiltAction.perform(Actions.java:639)
at Pages.Scenario_finalized_for_Automation_page.Automationpractice_pages.PlaceOrderPage.clickOnaddToCartBtn(PlaceOrderPage.java:100)
at Tests.Scenario_finalized_for_Automation_test.Automationpractice_tests.NegativeAddToCartScenario.NegativeOrderPlace(NegativeAddToCartScenario.java:25)
at java.base/java.util.ArrayList.forEach(ArrayList.java:1511)
... Removed 32 stack frames]]>
    </failure>
  </testcase> <!-- NegativeOrderPlace -->
</testsuite> <!-- Test -->
